Arguments: 
  C:\Program Files\nodejs\node.exe C:\Program Files (x86)\Yarn\bin\yarn.js build

PATH: 
  C:\Python27\;C:\Python27\Scripts;C:\Program Files (x86)\Common Files\Oracle\Java\javapath;C:\Perl64\site\bin;C:\Perl64\bin;C:\ProgramData\Oracle\Java\javapath;C:\Program Files\Intel\iCLS Client\;C:\WINDOWS\system32;C:\WINDOWS;C:\WINDOWS\System32\Wbem;C:\WINDOWS\System32\WindowsPowerShell\v1.0\;c:\Program Files (x86)\ATI Technologies\ATI.ACE\Core-Static;C:\Program Files (x86)\Smart Projects\IsoBuster;C:\Strawberry\c\bin;C:\Strawberry\perl\site\bin;C:\Strawberry\perl\bin;C:\Git\cmd;C:\Users\Igor\.dnx\bin;C:\Program Files\Microsoft DNX\Dnvm\;C:\Program Files\Microsoft SQL Server\130\Tools\Binn\;C:\Program Files (x86)\Yarn\bin\;C:\WINDOWS\System32\OpenSSH\;C:\Program Files\Intel\WiFi\bin\;C:\Program Files\Common Files\Intel\WirelessCommon\;C:\Program Files (x86)\Intel\Intel(R) Management Engine Components\DAL;C:\Program Files\Intel\Intel(R) Management Engine Components\DAL;C:\Go\bin;C:\Program Files\dotnet\;C:\Program Files (x86)\NoteBook FanControl\;C:\ProgramData\chocolatey\bin;C:\Program Files\nodejs\;C:\Users\Igor\AppData\Local\Microsoft\WindowsApps;C:\Users\Igor\AppData\Local\Yarn\bin;C:\Users\Igor\go\bin;C:\Users\Igor\AppData\Local\Programs\Microsoft VS Code\bin;C:\Users\Igor\AppData\Local\atom\bin;C:\Users\Igor\AppData\Roaming\npm

Yarn version: 
  1.5.1

Node version: 
  12.13.1

Platform: 
  win32 x64

npm manifest: 
  {
    "name": "hxydisplay",
    "version": "1.0.0",
    "description": "hxy display",
    "main": "index.js",
    "author": "/",
    "license": "MIT",
    "private": false,
    "dependencies": {
      "ethers": "^4.0.47"
    }
  }

yarn manifest: 
  No manifest

Lockfile: 
  # THIS IS AN AUTOGENERATED FILE. DO NOT EDIT THIS FILE DIRECTLY.
  # yarn lockfile v1
  
  
  aes-js@3.0.0:
    version "3.0.0"
    resolved "https://registry.yarnpkg.com/aes-js/-/aes-js-3.0.0.tgz#e21df10ad6c2053295bcbb8dab40b09dbea87e4d"
  
  bn.js@^4.4.0:
    version "4.11.9"
    resolved "https://registry.yarnpkg.com/bn.js/-/bn.js-4.11.9.tgz#26d556829458f9d1e81fc48952493d0ba3507828"
  
  brorand@^1.0.1:
    version "1.1.0"
    resolved "https://registry.yarnpkg.com/brorand/-/brorand-1.1.0.tgz#12c25efe40a45e3c323eb8675a0a0ce57b22371f"
  
  elliptic@6.5.2:
    version "6.5.2"
    resolved "https://registry.yarnpkg.com/elliptic/-/elliptic-6.5.2.tgz#05c5678d7173c049d8ca433552224a495d0e3762"
    dependencies:
      bn.js "^4.4.0"
      brorand "^1.0.1"
      hash.js "^1.0.0"
      hmac-drbg "^1.0.0"
      inherits "^2.0.1"
      minimalistic-assert "^1.0.0"
      minimalistic-crypto-utils "^1.0.0"
  
  ethers@^4.0.47:
    version "4.0.47"
    resolved "https://registry.yarnpkg.com/ethers/-/ethers-4.0.47.tgz#91b9cd80473b1136dd547095ff9171bd1fc68c85"
    dependencies:
      aes-js "3.0.0"
      bn.js "^4.4.0"
      elliptic "6.5.2"
      hash.js "1.1.3"
      js-sha3 "0.5.7"
      scrypt-js "2.0.4"
      setimmediate "1.0.4"
      uuid "2.0.1"
      xmlhttprequest "1.8.0"
  
  hash.js@1.1.3:
    version "1.1.3"
    resolved "https://registry.yarnpkg.com/hash.js/-/hash.js-1.1.3.tgz#340dedbe6290187151c1ea1d777a3448935df846"
    dependencies:
      inherits "^2.0.3"
      minimalistic-assert "^1.0.0"
  
  hash.js@^1.0.0, hash.js@^1.0.3:
    version "1.1.7"
    resolved "https://registry.yarnpkg.com/hash.js/-/hash.js-1.1.7.tgz#0babca538e8d4ee4a0f8988d68866537a003cf42"
    dependencies:
      inherits "^2.0.3"
      minimalistic-assert "^1.0.1"
  
  hmac-drbg@^1.0.0:
    version "1.0.1"
    resolved "https://registry.yarnpkg.com/hmac-drbg/-/hmac-drbg-1.0.1.tgz#d2745701025a6c775a6c545793ed502fc0c649a1"
    dependencies:
      hash.js "^1.0.3"
      minimalistic-assert "^1.0.0"
      minimalistic-crypto-utils "^1.0.1"
  
  inherits@^2.0.1, inherits@^2.0.3:
    version "2.0.4"
    resolved "https://registry.yarnpkg.com/inherits/-/inherits-2.0.4.tgz#0fa2c64f932917c3433a0ded55363aae37416b7c"
  
  js-sha3@0.5.7:
    version "0.5.7"
    resolved "https://registry.yarnpkg.com/js-sha3/-/js-sha3-0.5.7.tgz#0d4ffd8002d5333aabaf4a23eed2f6374c9f28e7"
  
  minimalistic-assert@^1.0.0, minimalistic-assert@^1.0.1:
    version "1.0.1"
    resolved "https://registry.yarnpkg.com/minimalistic-assert/-/minimalistic-assert-1.0.1.tgz#2e194de044626d4a10e7f7fbc00ce73e83e4d5c7"
  
  minimalistic-crypto-utils@^1.0.0, minimalistic-crypto-utils@^1.0.1:
    version "1.0.1"
    resolved "https://registry.yarnpkg.com/minimalistic-crypto-utils/-/minimalistic-crypto-utils-1.0.1.tgz#f6c00c1c0b082246e5c4d99dfb8c7c083b2b582a"
  
  scrypt-js@2.0.4:
    version "2.0.4"
    resolved "https://registry.yarnpkg.com/scrypt-js/-/scrypt-js-2.0.4.tgz#32f8c5149f0797672e551c07e230f834b6af5f16"
  
  setimmediate@1.0.4:
    version "1.0.4"
    resolved "https://registry.yarnpkg.com/setimmediate/-/setimmediate-1.0.4.tgz#20e81de622d4a02588ce0c8da8973cbcf1d3138f"
  
  uuid@2.0.1:
    version "2.0.1"
    resolved "https://registry.yarnpkg.com/uuid/-/uuid-2.0.1.tgz#c2a30dedb3e535d72ccf82e343941a50ba8533ac"
  
  xmlhttprequest@1.8.0:
    version "1.8.0"
    resolved "https://registry.yarnpkg.com/xmlhttprequest/-/xmlhttprequest-1.8.0.tgz#67fe075c5c24fef39f9d65f5f7b7fe75171968fc"

Trace: 
  Error: Command "build" not found.
      at new MessageError (C:\Program Files (x86)\Yarn\lib\cli.js:186:110)
      at C:\Program Files (x86)\Yarn\lib\cli.js:87307:17
      at Generator.next (<anonymous>)
      at step (C:\Program Files (x86)\Yarn\lib\cli.js:98:30)
      at C:\Program Files (x86)\Yarn\lib\cli.js:116:14
      at new Promise (<anonymous>)
      at new F (C:\Program Files (x86)\Yarn\lib\cli.js:23451:28)
      at C:\Program Files (x86)\Yarn\lib\cli.js:95:12
      at runCommand (C:\Program Files (x86)\Yarn\lib\cli.js:87312:22)
      at Object.<anonymous> (C:\Program Files (x86)\Yarn\lib\cli.js:87412:14)
